{"/Users/diegobanuelos/Programacion/cfdiBot/index.js":{"path":"/Users/diegobanuelos/Programacion/cfdiBot/index.js","s":{"1":1,"2":1,"3":1,"4":1,"5":1,"6":1,"7":1,"8":1,"9":1,"10":0,"11":1,"12":0,"13":1,"14":0,"15":0,"16":0,"17":0,"18":1,"19":0,"20":1},"b":{"1":[0,1],"2":[1,1],"3":[0,1],"4":[1,1],"5":[0,1],"6":[0,0],"7":[0,1]},"f":{},"fnMap":{},"statementMap":{"1":{"start":{"line":9,"column":0},"end":{"line":13,"column":1}},"2":{"start":{"line":15,"column":0},"end":{"line":21,"column":2}},"3":{"start":{"line":24,"column":0},"end":{"line":24,"column":56}},"4":{"start":{"line":25,"column":0},"end":{"line":25,"column":54}},"5":{"start":{"line":27,"column":0},"end":{"line":27,"column":53}},"6":{"start":{"line":28,"column":0},"end":{"line":28,"column":38}},"7":{"start":{"line":30,"column":0},"end":{"line":30,"column":36}},"8":{"start":{"line":32,"column":0},"end":{"line":32,"column":32}},"9":{"start":{"line":33,"column":0},"end":{"line":39,"column":1}},"10":{"start":{"line":35,"column":4},"end":{"line":35,"column":35}},"11":{"start":{"line":36,"column":7},"end":{"line":39,"column":1}},"12":{"start":{"line":38,"column":4},"end":{"line":38,"column":36}},"13":{"start":{"line":41,"column":0},"end":{"line":56,"column":1}},"14":{"start":{"line":43,"column":4},"end":{"line":43,"column":35}},"15":{"start":{"line":45,"column":4},"end":{"line":47,"column":5}},"16":{"start":{"line":46,"column":8},"end":{"line":46,"column":30}},"17":{"start":{"line":48,"column":4},"end":{"line":48,"column":34}},"18":{"start":{"line":50,"column":7},"end":{"line":56,"column":1}},"19":{"start":{"line":52,"column":4},"end":{"line":52,"column":28}},"20":{"start":{"line":55,"column":4},"end":{"line":55,"column":25}}},"branchMap":{"1":{"line":33,"type":"if","locations":[{"start":{"line":33,"column":0},"end":{"line":33,"column":0}},{"start":{"line":33,"column":0},"end":{"line":33,"column":0}}]},"2":{"line":33,"type":"binary-expr","locations":[{"start":{"line":33,"column":5},"end":{"line":33,"column":34}},{"start":{"line":33,"column":40},"end":{"line":33,"column":69}}]},"3":{"line":36,"type":"if","locations":[{"start":{"line":36,"column":7},"end":{"line":36,"column":7}},{"start":{"line":36,"column":7},"end":{"line":36,"column":7}}]},"4":{"line":36,"type":"binary-expr","locations":[{"start":{"line":36,"column":12},"end":{"line":36,"column":41}},{"start":{"line":36,"column":47},"end":{"line":36,"column":76}}]},"5":{"line":41,"type":"if","locations":[{"start":{"line":41,"column":0},"end":{"line":41,"column":0}},{"start":{"line":41,"column":0},"end":{"line":41,"column":0}}]},"6":{"line":45,"type":"if","locations":[{"start":{"line":45,"column":4},"end":{"line":45,"column":4}},{"start":{"line":45,"column":4},"end":{"line":45,"column":4}}]},"7":{"line":50,"type":"if","locations":[{"start":{"line":50,"column":7},"end":{"line":50,"column":7}},{"start":{"line":50,"column":7},"end":{"line":50,"column":7}}]}}},"/Users/diegobanuelos/Programacion/cfdiBot/lib/importacionFacturas.js":{"path":"/Users/diegobanuelos/Programacion/cfdiBot/lib/importacionFacturas.js","s":{"1":1,"2":1,"3":1,"4":1,"5":1,"6":1,"7":1,"8":1,"9":1,"10":1,"11":1,"12":1,"13":10,"14":10,"15":0,"16":0,"17":0,"18":0,"19":0,"20":0,"21":0,"22":0,"23":0,"24":0,"25":0,"26":0,"27":1,"28":1,"29":1,"30":1,"31":1,"32":1,"33":0,"34":1,"35":1,"36":1,"37":1,"38":1,"39":1,"40":0,"41":0,"42":0,"43":0,"44":0,"45":0,"46":0,"47":1,"48":0,"49":0,"50":0,"51":0,"52":0,"53":0,"54":0,"55":0,"56":0,"57":0,"58":0,"59":0,"60":0,"61":0,"62":0,"63":0,"64":0,"65":0,"66":0,"67":0,"68":0,"69":0,"70":0,"71":0,"72":0,"73":0,"74":0,"75":0,"76":0,"77":0,"78":0,"79":0,"80":0,"81":0,"82":0,"83":0,"84":0,"85":0,"86":0,"87":0,"88":0,"89":0,"90":0,"91":0,"92":0,"93":0,"94":0,"95":0,"96":0,"97":0,"98":0,"99":0,"100":0,"101":0,"102":0,"103":0,"104":0,"105":0,"106":0,"107":0,"108":0,"109":0,"110":0,"111":1,"112":1,"113":1,"114":1,"115":1,"116":1,"117":1,"118":1,"119":18,"120":18,"121":0,"122":0,"123":0,"124":1,"125":0,"126":0,"127":0,"128":0,"129":0,"130":0,"131":0,"132":0,"133":0,"134":0,"135":0,"136":0,"137":0,"138":0,"139":0,"140":0,"141":0,"142":0,"143":0,"144":0,"145":0,"146":0,"147":0,"148":0,"149":0,"150":0,"151":0,"152":1},"b":{"1":[0,1],"2":[0,10],"3":[0,0],"4":[0,1],"5":[0,1],"6":[1,1],"7":[0,0],"8":[0,0],"9":[0,0],"10":[0,0],"11":[0,0],"12":[0,0],"13":[0,0],"14":[0,0],"15":[0,0],"16":[0,0],"17":[0,0],"18":[0,0],"19":[0,0],"20":[0,0],"21":[0,0],"22":[0,0],"23":[1,1],"24":[1,0],"25":[1,1],"26":[0,18],"27":[18,1],"28":[0,0],"29":[0,0],"30":[0,0],"31":[0,0],"32":[0,0],"33":[0,0]},"f":{"1":1,"2":1,"3":1,"4":1,"5":1,"6":0,"7":0,"8":0,"9":0,"10":1,"11":0,"12":0,"13":0},"fnMap":{"1":{"name":"(anonymous_1)","line":10,"loc":{"start":{"line":10,"column":15},"end":{"line":10,"column":40}}},"2":{"name":"(anonymous_2)","line":20,"loc":{"start":{"line":20,"column":16},"end":{"line":20,"column":25}}},"3":{"name":"(anonymous_3)","line":63,"loc":{"start":{"line":63,"column":17},"end":{"line":63,"column":20}}},"4":{"name":"(anonymous_4)","line":70,"loc":{"start":{"line":70,"column":11},"end":{"line":70,"column":14}}},"5":{"name":"(anonymous_5)","line":77,"loc":{"start":{"line":77,"column":16},"end":{"line":77,"column":27}}},"6":{"name":"(anonymous_6)","line":93,"loc":{"start":{"line":93,"column":21},"end":{"line":93,"column":38}}},"7":{"name":"(anonymous_7)","line":103,"loc":{"start":{"line":103,"column":21},"end":{"line":103,"column":31}}},"8":{"name":"(anonymous_8)","line":151,"loc":{"start":{"line":151,"column":21},"end":{"line":151,"column":31}}},"9":{"name":"(anonymous_9)","line":219,"loc":{"start":{"line":219,"column":20},"end":{"line":219,"column":41}}},"10":{"name":"(anonymous_10)","line":228,"loc":{"start":{"line":228,"column":29},"end":{"line":228,"column":42}}},"11":{"name":"(anonymous_11)","line":254,"loc":{"start":{"line":254,"column":21},"end":{"line":254,"column":42}}},"12":{"name":"(anonymous_12)","line":278,"loc":{"start":{"line":278,"column":20},"end":{"line":278,"column":23}}},"13":{"name":"(anonymous_13)","line":286,"loc":{"start":{"line":286,"column":10},"end":{"line":286,"column":23}}}},"statementMap":{"1":{"start":{"line":1,"column":0},"end":{"line":1,"column":39}},"2":{"start":{"line":2,"column":0},"end":{"line":2,"column":25}},"3":{"start":{"line":3,"column":0},"end":{"line":3,"column":29}},"4":{"start":{"line":4,"column":0},"end":{"line":4,"column":33}},"5":{"start":{"line":11,"column":8},"end":{"line":11,"column":45}},"6":{"start":{"line":12,"column":8},"end":{"line":12,"column":31}},"7":{"start":{"line":13,"column":8},"end":{"line":13,"column":29}},"8":{"start":{"line":14,"column":8},"end":{"line":14,"column":60}},"9":{"start":{"line":21,"column":8},"end":{"line":21,"column":31}},"10":{"start":{"line":22,"column":8},"end":{"line":22,"column":82}},"11":{"start":{"line":24,"column":8},"end":{"line":24,"column":28}},"12":{"start":{"line":26,"column":8},"end":{"line":51,"column":9}},"13":{"start":{"line":27,"column":12},"end":{"line":27,"column":44}},"14":{"start":{"line":28,"column":12},"end":{"line":50,"column":13}},"15":{"start":{"line":29,"column":16},"end":{"line":48,"column":19}},"16":{"start":{"line":30,"column":20},"end":{"line":30,"column":64}},"17":{"start":{"line":31,"column":20},"end":{"line":31,"column":68}},"18":{"start":{"line":33,"column":20},"end":{"line":47,"column":21}},"19":{"start":{"line":34,"column":24},"end":{"line":42,"column":25}},"20":{"start":{"line":35,"column":28},"end":{"line":37,"column":31}},"21":{"start":{"line":36,"column":32},"end":{"line":36,"column":42}},"22":{"start":{"line":39,"column":28},"end":{"line":41,"column":30}},"23":{"start":{"line":40,"column":32},"end":{"line":40,"column":42}},"24":{"start":{"line":45,"column":24},"end":{"line":45,"column":43}},"25":{"start":{"line":46,"column":24},"end":{"line":46,"column":33}},"26":{"start":{"line":49,"column":16},"end":{"line":49,"column":33}},"27":{"start":{"line":53,"column":8},"end":{"line":58,"column":10}},"28":{"start":{"line":54,"column":12},"end":{"line":54,"column":43}},"29":{"start":{"line":55,"column":12},"end":{"line":55,"column":54}},"30":{"start":{"line":56,"column":12},"end":{"line":56,"column":36}},"31":{"start":{"line":57,"column":12},"end":{"line":57,"column":33}},"32":{"start":{"line":64,"column":8},"end":{"line":66,"column":9}},"33":{"start":{"line":65,"column":12},"end":{"line":65,"column":49}},"34":{"start":{"line":71,"column":8},"end":{"line":71,"column":58}},"35":{"start":{"line":72,"column":8},"end":{"line":72,"column":51}},"36":{"start":{"line":73,"column":8},"end":{"line":73,"column":32}},"37":{"start":{"line":74,"column":8},"end":{"line":74,"column":45}},"38":{"start":{"line":78,"column":8},"end":{"line":78,"column":27}},"39":{"start":{"line":79,"column":8},"end":{"line":89,"column":9}},"40":{"start":{"line":80,"column":12},"end":{"line":88,"column":14}},"41":{"start":{"line":81,"column":16},"end":{"line":81,"column":51}},"42":{"start":{"line":82,"column":16},"end":{"line":82,"column":65}},"43":{"start":{"line":83,"column":16},"end":{"line":87,"column":17}},"44":{"start":{"line":84,"column":20},"end":{"line":84,"column":42}},"45":{"start":{"line":85,"column":23},"end":{"line":87,"column":17}},"46":{"start":{"line":86,"column":20},"end":{"line":86,"column":38}},"47":{"start":{"line":90,"column":8},"end":{"line":90,"column":23}},"48":{"start":{"line":94,"column":8},"end":{"line":94,"column":106}},"49":{"start":{"line":95,"column":8},"end":{"line":95,"column":56}},"50":{"start":{"line":97,"column":8},"end":{"line":100,"column":11}},"51":{"start":{"line":98,"column":12},"end":{"line":98,"column":32}},"52":{"start":{"line":99,"column":12},"end":{"line":99,"column":25}},"53":{"start":{"line":105,"column":8},"end":{"line":107,"column":9}},"54":{"start":{"line":109,"column":8},"end":{"line":111,"column":9}},"55":{"start":{"line":110,"column":12},"end":{"line":110,"column":72}},"56":{"start":{"line":114,"column":8},"end":{"line":114,"column":88}},"57":{"start":{"line":116,"column":8},"end":{"line":118,"column":9}},"58":{"start":{"line":120,"column":8},"end":{"line":147,"column":10}},"59":{"start":{"line":125,"column":12},"end":{"line":146,"column":13}},"60":{"start":{"line":126,"column":16},"end":{"line":126,"column":36}},"61":{"start":{"line":127,"column":19},"end":{"line":146,"column":13}},"62":{"start":{"line":128,"column":16},"end":{"line":128,"column":71}},"63":{"start":{"line":129,"column":16},"end":{"line":129,"column":74}},"64":{"start":{"line":133,"column":16},"end":{"line":133,"column":53}},"65":{"start":{"line":134,"column":16},"end":{"line":145,"column":17}},"66":{"start":{"line":136,"column":20},"end":{"line":136,"column":102}},"67":{"start":{"line":137,"column":20},"end":{"line":137,"column":55}},"68":{"start":{"line":138,"column":20},"end":{"line":138,"column":121}},"69":{"start":{"line":140,"column":20},"end":{"line":140,"column":78}},"70":{"start":{"line":142,"column":20},"end":{"line":142,"column":102}},"71":{"start":{"line":143,"column":20},"end":{"line":143,"column":55}},"72":{"start":{"line":144,"column":20},"end":{"line":144,"column":71}},"73":{"start":{"line":154,"column":8},"end":{"line":156,"column":9}},"74":{"start":{"line":158,"column":8},"end":{"line":161,"column":9}},"75":{"start":{"line":159,"column":12},"end":{"line":159,"column":68}},"76":{"start":{"line":160,"column":12},"end":{"line":160,"column":78}},"77":{"start":{"line":165,"column":8},"end":{"line":165,"column":97}},"78":{"start":{"line":166,"column":8},"end":{"line":166,"column":97}},"79":{"start":{"line":168,"column":8},"end":{"line":168,"column":49}},"80":{"start":{"line":169,"column":8},"end":{"line":169,"column":49}},"81":{"start":{"line":171,"column":8},"end":{"line":175,"column":9}},"82":{"start":{"line":172,"column":12},"end":{"line":172,"column":96}},"83":{"start":{"line":173,"column":12},"end":{"line":173,"column":31}},"84":{"start":{"line":174,"column":12},"end":{"line":174,"column":52}},"85":{"start":{"line":177,"column":8},"end":{"line":180,"column":9}},"86":{"start":{"line":182,"column":8},"end":{"line":215,"column":10}},"87":{"start":{"line":187,"column":12},"end":{"line":214,"column":13}},"88":{"start":{"line":188,"column":16},"end":{"line":188,"column":33}},"89":{"start":{"line":189,"column":16},"end":{"line":189,"column":48}},"90":{"start":{"line":190,"column":19},"end":{"line":214,"column":13}},"91":{"start":{"line":191,"column":16},"end":{"line":191,"column":37}},"92":{"start":{"line":192,"column":16},"end":{"line":192,"column":59}},"93":{"start":{"line":196,"column":16},"end":{"line":196,"column":53}},"94":{"start":{"line":197,"column":16},"end":{"line":213,"column":17}},"95":{"start":{"line":199,"column":20},"end":{"line":199,"column":111}},"96":{"start":{"line":200,"column":20},"end":{"line":200,"column":111}},"97":{"start":{"line":201,"column":20},"end":{"line":201,"column":55}},"98":{"start":{"line":202,"column":20},"end":{"line":202,"column":55}},"99":{"start":{"line":203,"column":20},"end":{"line":203,"column":121}},"100":{"start":{"line":205,"column":20},"end":{"line":205,"column":78}},"101":{"start":{"line":207,"column":20},"end":{"line":207,"column":112}},"102":{"start":{"line":208,"column":20},"end":{"line":208,"column":112}},"103":{"start":{"line":209,"column":20},"end":{"line":209,"column":55}},"104":{"start":{"line":210,"column":20},"end":{"line":210,"column":55}},"105":{"start":{"line":211,"column":20},"end":{"line":211,"column":71}},"106":{"start":{"line":220,"column":8},"end":{"line":220,"column":55}},"107":{"start":{"line":221,"column":8},"end":{"line":221,"column":69}},"108":{"start":{"line":222,"column":8},"end":{"line":222,"column":54}},"109":{"start":{"line":223,"column":8},"end":{"line":223,"column":44}},"110":{"start":{"line":224,"column":8},"end":{"line":224,"column":33}},"111":{"start":{"line":230,"column":8},"end":{"line":230,"column":21}},"112":{"start":{"line":231,"column":8},"end":{"line":231,"column":37}},"113":{"start":{"line":232,"column":8},"end":{"line":232,"column":96}},"114":{"start":{"line":233,"column":8},"end":{"line":233,"column":40}},"115":{"start":{"line":234,"column":8},"end":{"line":247,"column":9}},"116":{"start":{"line":235,"column":12},"end":{"line":235,"column":50}},"117":{"start":{"line":236,"column":12},"end":{"line":243,"column":13}},"118":{"start":{"line":237,"column":16},"end":{"line":242,"column":18}},"119":{"start":{"line":238,"column":20},"end":{"line":238,"column":68}},"120":{"start":{"line":239,"column":20},"end":{"line":241,"column":21}},"121":{"start":{"line":240,"column":24},"end":{"line":240,"column":91}},"122":{"start":{"line":245,"column":12},"end":{"line":245,"column":68}},"123":{"start":{"line":246,"column":12},"end":{"line":246,"column":28}},"124":{"start":{"line":248,"column":8},"end":{"line":248,"column":33}},"125":{"start":{"line":255,"column":8},"end":{"line":255,"column":84}},"126":{"start":{"line":256,"column":8},"end":{"line":256,"column":43}},"127":{"start":{"line":258,"column":8},"end":{"line":275,"column":10}},"128":{"start":{"line":259,"column":12},"end":{"line":259,"column":49}},"129":{"start":{"line":260,"column":12},"end":{"line":274,"column":14}},"130":{"start":{"line":261,"column":16},"end":{"line":273,"column":17}},"131":{"start":{"line":262,"column":20},"end":{"line":262,"column":32}},"132":{"start":{"line":264,"column":16},"end":{"line":265,"column":99}},"133":{"start":{"line":266,"column":16},"end":{"line":271,"column":17}},"134":{"start":{"line":272,"column":16},"end":{"line":272,"column":28}},"135":{"start":{"line":279,"column":8},"end":{"line":283,"column":9}},"136":{"start":{"line":287,"column":8},"end":{"line":287,"column":45}},"137":{"start":{"line":288,"column":8},"end":{"line":288,"column":27}},"138":{"start":{"line":289,"column":8},"end":{"line":289,"column":68}},"139":{"start":{"line":290,"column":8},"end":{"line":290,"column":51}},"140":{"start":{"line":291,"column":8},"end":{"line":291,"column":50}},"141":{"start":{"line":293,"column":8},"end":{"line":309,"column":10}},"142":{"start":{"line":294,"column":12},"end":{"line":308,"column":14}},"143":{"start":{"line":295,"column":16},"end":{"line":298,"column":17}},"144":{"start":{"line":297,"column":20},"end":{"line":297,"column":66}},"145":{"start":{"line":299,"column":16},"end":{"line":299,"column":75}},"146":{"start":{"line":300,"column":16},"end":{"line":300,"column":69}},"147":{"start":{"line":301,"column":16},"end":{"line":301,"column":88}},"148":{"start":{"line":302,"column":16},"end":{"line":307,"column":17}},"149":{"start":{"line":304,"column":20},"end":{"line":304,"column":49}},"150":{"start":{"line":305,"column":20},"end":{"line":305,"column":41}},"151":{"start":{"line":306,"column":20},"end":{"line":306,"column":49}},"152":{"start":{"line":316,"column":0},"end":{"line":316,"column":33}}},"branchMap":{"1":{"line":22,"type":"cond-expr","locations":[{"start":{"line":22,"column":53},"end":{"line":22,"column":72}},{"start":{"line":22,"column":75},"end":{"line":22,"column":81}}]},"2":{"line":28,"type":"if","locations":[{"start":{"line":28,"column":12},"end":{"line":28,"column":12}},{"start":{"line":28,"column":12},"end":{"line":28,"column":12}}]},"3":{"line":34,"type":"if","locations":[{"start":{"line":34,"column":24},"end":{"line":34,"column":24}},{"start":{"line":34,"column":24},"end":{"line":34,"column":24}}]},"4":{"line":64,"type":"if","locations":[{"start":{"line":64,"column":8},"end":{"line":64,"column":8}},{"start":{"line":64,"column":8},"end":{"line":64,"column":8}}]},"5":{"line":79,"type":"if","locations":[{"start":{"line":79,"column":8},"end":{"line":79,"column":8}},{"start":{"line":79,"column":8},"end":{"line":79,"column":8}}]},"6":{"line":79,"type":"binary-expr","locations":[{"start":{"line":79,"column":12},"end":{"line":79,"column":20}},{"start":{"line":79,"column":24},"end":{"line":79,"column":43}}]},"7":{"line":83,"type":"if","locations":[{"start":{"line":83,"column":16},"end":{"line":83,"column":16}},{"start":{"line":83,"column":16},"end":{"line":83,"column":16}}]},"8":{"line":85,"type":"if","locations":[{"start":{"line":85,"column":23},"end":{"line":85,"column":23}},{"start":{"line":85,"column":23},"end":{"line":85,"column":23}}]},"9":{"line":85,"type":"binary-expr","locations":[{"start":{"line":85,"column":27},"end":{"line":85,"column":35}},{"start":{"line":85,"column":39},"end":{"line":85,"column":66}}]},"10":{"line":109,"type":"if","locations":[{"start":{"line":109,"column":8},"end":{"line":109,"column":8}},{"start":{"line":109,"column":8},"end":{"line":109,"column":8}}]},"11":{"line":125,"type":"if","locations":[{"start":{"line":125,"column":12},"end":{"line":125,"column":12}},{"start":{"line":125,"column":12},"end":{"line":125,"column":12}}]},"12":{"line":127,"type":"if","locations":[{"start":{"line":127,"column":19},"end":{"line":127,"column":19}},{"start":{"line":127,"column":19},"end":{"line":127,"column":19}}]},"13":{"line":134,"type":"if","locations":[{"start":{"line":134,"column":16},"end":{"line":134,"column":16}},{"start":{"line":134,"column":16},"end":{"line":134,"column":16}}]},"14":{"line":134,"type":"binary-expr","locations":[{"start":{"line":134,"column":20},"end":{"line":134,"column":27}},{"start":{"line":134,"column":31},"end":{"line":134,"column":49}}]},"15":{"line":158,"type":"if","locations":[{"start":{"line":158,"column":8},"end":{"line":158,"column":8}},{"start":{"line":158,"column":8},"end":{"line":158,"column":8}}]},"16":{"line":171,"type":"if","locations":[{"start":{"line":171,"column":8},"end":{"line":171,"column":8}},{"start":{"line":171,"column":8},"end":{"line":171,"column":8}}]},"17":{"line":171,"type":"binary-expr","locations":[{"start":{"line":171,"column":14},"end":{"line":171,"column":23}},{"start":{"line":171,"column":27},"end":{"line":171,"column":36}}]},"18":{"line":172,"type":"cond-expr","locations":[{"start":{"line":172,"column":38},"end":{"line":172,"column":65}},{"start":{"line":172,"column":68},"end":{"line":172,"column":95}}]},"19":{"line":187,"type":"if","locations":[{"start":{"line":187,"column":12},"end":{"line":187,"column":12}},{"start":{"line":187,"column":12},"end":{"line":187,"column":12}}]},"20":{"line":190,"type":"if","locations":[{"start":{"line":190,"column":19},"end":{"line":190,"column":19}},{"start":{"line":190,"column":19},"end":{"line":190,"column":19}}]},"21":{"line":197,"type":"if","locations":[{"start":{"line":197,"column":16},"end":{"line":197,"column":16}},{"start":{"line":197,"column":16},"end":{"line":197,"column":16}}]},"22":{"line":197,"type":"binary-expr","locations":[{"start":{"line":197,"column":20},"end":{"line":197,"column":27}},{"start":{"line":197,"column":31},"end":{"line":197,"column":49}}]},"23":{"line":232,"type":"binary-expr","locations":[{"start":{"line":232,"column":58},"end":{"line":232,"column":68}},{"start":{"line":232,"column":72},"end":{"line":232,"column":94}}]},"24":{"line":236,"type":"if","locations":[{"start":{"line":236,"column":12},"end":{"line":236,"column":12}},{"start":{"line":236,"column":12},"end":{"line":236,"column":12}}]},"25":{"line":236,"type":"binary-expr","locations":[{"start":{"line":236,"column":16},"end":{"line":236,"column":24}},{"start":{"line":236,"column":28},"end":{"line":236,"column":47}}]},"26":{"line":239,"type":"if","locations":[{"start":{"line":239,"column":20},"end":{"line":239,"column":20}},{"start":{"line":239,"column":20},"end":{"line":239,"column":20}}]},"27":{"line":239,"type":"binary-expr","locations":[{"start":{"line":239,"column":24},"end":{"line":239,"column":27}},{"start":{"line":239,"column":31},"end":{"line":239,"column":70}}]},"28":{"line":245,"type":"cond-expr","locations":[{"start":{"line":245,"column":47},"end":{"line":245,"column":58}},{"start":{"line":245,"column":61},"end":{"line":245,"column":66}}]},"29":{"line":261,"type":"if","locations":[{"start":{"line":261,"column":16},"end":{"line":261,"column":16}},{"start":{"line":261,"column":16},"end":{"line":261,"column":16}}]},"30":{"line":264,"type":"cond-expr","locations":[{"start":{"line":265,"column":21},"end":{"line":265,"column":94}},{"start":{"line":265,"column":97},"end":{"line":265,"column":98}}]},"31":{"line":264,"type":"binary-expr","locations":[{"start":{"line":264,"column":46},"end":{"line":264,"column":88}},{"start":{"line":264,"column":92},"end":{"line":264,"column":137}}]},"32":{"line":295,"type":"if","locations":[{"start":{"line":295,"column":16},"end":{"line":295,"column":16}},{"start":{"line":295,"column":16},"end":{"line":295,"column":16}}]},"33":{"line":302,"type":"if","locations":[{"start":{"line":302,"column":16},"end":{"line":302,"column":16}},{"start":{"line":302,"column":16},"end":{"line":302,"column":16}}]}}},"/Users/diegobanuelos/Programacion/cfdiBot/lib/importacionClientes.js":{"path":"/Users/diegobanuelos/Programacion/cfdiBot/lib/importacionClientes.js","s":{"1":1,"2":1,"3":0,"4":0,"5":0,"6":0,"7":0,"8":0,"9":0,"10":0,"11":0,"12":0,"13":0,"14":0,"15":0,"16":0,"17":0,"18":0,"19":0,"20":0,"21":0,"22":0,"23":0,"24":0,"25":0,"26":0,"27":0,"28":0,"29":1},"b":{"1":[0,0]},"f":{"1":1,"2":0,"3":0,"4":0,"5":0},"fnMap":{"1":{"name":"(anonymous_1)","line":8,"loc":{"start":{"line":8,"column":15},"end":{"line":8,"column":24}}},"2":{"name":"(anonymous_2)","line":12,"loc":{"start":{"line":12,"column":20},"end":{"line":12,"column":23}}},"3":{"name":"(anonymous_3)","line":30,"loc":{"start":{"line":30,"column":9},"end":{"line":30,"column":20}}},"4":{"name":"(anonymous_4)","line":43,"loc":{"start":{"line":43,"column":13},"end":{"line":43,"column":20}}},"5":{"name":"(anonymous_5)","line":55,"loc":{"start":{"line":55,"column":16},"end":{"line":55,"column":19}}}},"statementMap":{"1":{"start":{"line":1,"column":0},"end":{"line":1,"column":39}},"2":{"start":{"line":9,"column":8},"end":{"line":9,"column":29}},"3":{"start":{"line":13,"column":8},"end":{"line":27,"column":11}},"4":{"start":{"line":14,"column":12},"end":{"line":14,"column":48}},"5":{"start":{"line":15,"column":12},"end":{"line":26,"column":14}},"6":{"start":{"line":23,"column":16},"end":{"line":23,"column":38}},"7":{"start":{"line":25,"column":16},"end":{"line":25,"column":30}},"8":{"start":{"line":31,"column":8},"end":{"line":40,"column":9}},"9":{"start":{"line":45,"column":8},"end":{"line":45,"column":31}},"10":{"start":{"line":46,"column":8},"end":{"line":46,"column":69}},"11":{"start":{"line":46,"column":41},"end":{"line":46,"column":68}},"12":{"start":{"line":47,"column":8},"end":{"line":47,"column":45}},"13":{"start":{"line":48,"column":8},"end":{"line":48,"column":112}},"14":{"start":{"line":48,"column":35},"end":{"line":48,"column":110}},"15":{"start":{"line":48,"column":59},"end":{"line":48,"column":99}},"16":{"start":{"line":49,"column":8},"end":{"line":49,"column":38}},"17":{"start":{"line":50,"column":8},"end":{"line":50,"column":31}},"18":{"start":{"line":51,"column":8},"end":{"line":51,"column":25}},"19":{"start":{"line":52,"column":8},"end":{"line":52,"column":18}},"20":{"start":{"line":58,"column":8},"end":{"line":76,"column":11}},"21":{"start":{"line":59,"column":12},"end":{"line":59,"column":49}},"22":{"start":{"line":60,"column":12},"end":{"line":60,"column":31}},"23":{"start":{"line":61,"column":12},"end":{"line":74,"column":14}},"24":{"start":{"line":68,"column":16},"end":{"line":68,"column":45}},"25":{"start":{"line":69,"column":16},"end":{"line":71,"column":18}},"26":{"start":{"line":70,"column":20},"end":{"line":70,"column":55}},"27":{"start":{"line":72,"column":16},"end":{"line":72,"column":37}},"28":{"start":{"line":73,"column":16},"end":{"line":73,"column":40}},"29":{"start":{"line":81,"column":0},"end":{"line":81,"column":26}}},"branchMap":{"1":{"line":46,"type":"cond-expr","locations":[{"start":{"line":46,"column":58},"end":{"line":46,"column":60}},{"start":{"line":46,"column":63},"end":{"line":46,"column":68}}]}}}}